<?xml version="1.0" encoding="UTF-8"?><testsuite name="nosetests" tests="20" errors="0" failures="0" skip="0"><testcase classname="test_calculatorApp.TestCalculate" name="test_AddTestCase" time="0.000"><system-out><![CDATA[Setup
]]></system-out></testcase><testcase classname="test_calculatorApp.TestCalculate" name="test_DivideTest1" time="0.001"><system-out><![CDATA[Setup
You can't divide by zero!
]]></system-out></testcase><testcase classname="test_calculatorApp.TestCalculate" name="test_DivideTest2" time="0.000"><system-out><![CDATA[Setup
]]></system-out></testcase><testcase classname="test_calculatorApp.TestCalculate" name="test_DivideTest3" time="0.000"><system-out><![CDATA[Setup
]]></system-out></testcase><testcase classname="test_calculatorApp.TestCalculate" name="test_checkCalculateTest1" time="0.000"><system-out><![CDATA[Setup
]]></system-out></testcase><testcase classname="test_calculatorApp.TestCalculate" name="test_checkCalculateTest2" time="0.000"><system-out><![CDATA[Setup
You can't divide by zero!
]]></system-out></testcase><testcase classname="test_calculatorApp.TestCalculate" name="test_checkCalculateTest3" time="0.000"><system-out><![CDATA[Setup
]]></system-out></testcase><testcase classname="test_calculatorApp.TestCalculate" name="test_checkCalculateTest4" time="0.001"><system-out><![CDATA[Setup
]]></system-out></testcase><testcase classname="test_calculatorApp.TestCalculate" name="test_checkCalculateTest5" time="0.000"><system-out><![CDATA[Setup
]]></system-out></testcase><testcase classname="test_calculatorApp.TestCalculate" name="test_checkCalculateTest6" time="0.001"><system-out><![CDATA[Setup
]]></system-out></testcase><testcase classname="test_calculatorApp.TestCalculate" name="test_checkCalculateTest7" time="0.000"><system-out><![CDATA[Setup
inputs can not be null
]]></system-out></testcase><testcase classname="test_calculatorApp.TestCalculate" name="test_checkUserInputTest1" time="0.000"><system-out><![CDATA[Setup
]]></system-out></testcase><testcase classname="test_calculatorApp.TestCalculate" name="test_checkUserInputTest2" time="0.000"><system-out><![CDATA[Setup
]]></system-out></testcase><testcase classname="test_calculatorApp.TestCalculate" name="test_checkUserInputTest3" time="0.000"><system-out><![CDATA[Setup
Input can't be empty
]]></system-out></testcase><testcase classname="test_calculatorApp.TestCalculate" name="test_checkUserInputTest4" time="0.000"><system-out><![CDATA[Setup
y input is not a number!
]]></system-out></testcase><testcase classname="test_calculatorApp.TestCalculate" name="test_isExitTest1" time="0.000"><system-out><![CDATA[Setup
]]></system-out></testcase><testcase classname="test_calculatorApp.TestCalculate" name="test_isExitTest2" time="0.000"><system-out><![CDATA[Setup
]]></system-out></testcase><testcase classname="test_calculatorApp.TestCalculate" name="test_isExitTest3" time="0.000"><system-out><![CDATA[Setup
]]></system-out></testcase><testcase classname="test_calculatorApp.TestCalculate" name="test_multipyTestCase" time="0.000"><system-out><![CDATA[Setup
]]></system-out></testcase><testcase classname="test_calculatorApp.TestCalculate" name="test_subtractTestCase" time="0.000"><system-out><![CDATA[Setup
]]></system-out></testcase></testsuite>
